<?xml version="1.0" encoding="UTF-8"?>
<testng-results ignored="0" total="1" passed="1" failed="0" skipped="0">
  <reporter-output>
  </reporter-output>
  <suite started-at="2022-06-09T16:37:38Z" name="Default suite" finished-at="2022-06-09T16:37:46Z" duration-ms="8357">
    <groups>
    </groups>
    <test started-at="2022-06-09T16:37:38Z" name="Default test" finished-at="2022-06-09T16:37:46Z" duration-ms="8357">
      <class name="qaautomation.may2022.APITest">
        <test-method signature="register()[pri:0, instance:qaautomation.may2022.APITest@51850751]" started-at="2022-06-09T16:37:38Z" name="register" finished-at="2022-06-09T16:37:46Z" duration-ms="8273" status="PASS">
          <reporter-output>
          </reporter-output>
        </test-method> <!-- register -->
      </class> <!-- qaautomation.may2022.APITest -->
    </test> <!-- Default test -->
  </suite> <!-- Default suite -->
</testng-results>
